<?xml version="1.0" encoding="UTF-8"?>
<!-- Generated by org.testng.reporters.JUnitReportReporter -->
<testsuite hostname="DESKTOP-JKD93E6" failures="0" tests="1" name="practice.test.Factorial" time="0.028" errors="0" timestamp="2024-06-27T21:10:36 IST" skipped="0">
  <testcase classname="practice.test.Factorial" name="main" time="0.028"/>
</testsuite> <!-- practice.test.Factorial -->
