<?xml version="1.0" encoding="UTF-8"?>
<!-- Generated by org.testng.reporters.JUnitReportReporter -->
<testsuite hostname="DESKTOP-JKD93E6" failures="0" tests="1" name="practice.test.NumberOfDigites" time="0.021" errors="0" timestamp="2024-06-27T16:39:13 IST" skipped="0">
  <testcase classname="practice.test.NumberOfDigites" name="main" time="0.021"/>
</testsuite> <!-- practice.test.NumberOfDigites -->
