<?xml version="1.0" encoding="UTF-8"?>
<!-- Generated by org.testng.reporters.JUnitReportReporter -->
<testsuite hostname="DESKTOP-JKD93E6" failures="0" tests="1" name="practice.test.ReverseNumber" time="0.318" errors="0" timestamp="2024-07-06T21:31:13 IST" skipped="0">
  <testcase classname="practice.test.ReverseNumber" name="main" time="0.318"/>
</testsuite> <!-- practice.test.ReverseNumber -->
