<?xml version="1.0" encoding="UTF-8"?>
<!-- Generated by org.testng.reporters.JUnitReportReporter -->
<testsuite hostname="DESKTOP-JKD93E6" failures="0" tests="2" name="practice.test.Demo" time="195.240" errors="0" timestamp="2024-07-04T07:49:07 IST" skipped="0">
  <testcase classname="practice.test.Demo" name="getFirefox" time="121.012"/>
  <testcase classname="practice.test.Demo" name="getChorme" time="74.228"/>
</testsuite> <!-- practice.test.Demo -->
