<?xml version="1.0" encoding="UTF-8"?>
<!-- Generated by org.testng.reporters.JUnitReportReporter -->
<testsuite hostname="DESKTOP-JKD93E6" failures="0" tests="1" name="practice.test.LinearSearchArray" time="0.023" errors="0" timestamp="2024-07-01T06:52:49 IST" skipped="0">
  <testcase classname="practice.test.LinearSearchArray" name="main" time="0.023"/>
</testsuite> <!-- practice.test.LinearSearchArray -->
