<?xml version="1.0" encoding="UTF-8"?>
<!-- Generated by org.testng.reporters.JUnitReportReporter -->
<testsuite hostname="DESKTOP-JKD93E6" failures="0" tests="1" name="practice.test.Fibonacci" time="0.035" errors="0" timestamp="2024-06-27T17:33:24 IST" skipped="0">
  <testcase classname="practice.test.Fibonacci" name="main" time="0.035"/>
</testsuite> <!-- practice.test.Fibonacci -->
