<?xml version="1.0" encoding="UTF-8"?>
<!-- Generated by org.testng.reporters.JUnitReportReporter -->
<testsuite hostname="DESKTOP-JKD93E6" failures="0" tests="1" name="practice.test.EvenAndOddCount" time="0.047" errors="0" timestamp="2024-06-27T16:47:50 IST" skipped="0">
  <testcase classname="practice.test.EvenAndOddCount" name="main" time="0.047"/>
</testsuite> <!-- practice.test.EvenAndOddCount -->
