<?xml version="1.0" encoding="UTF-8"?>
<!-- Generated by org.testng.reporters.JUnitReportReporter -->
<testsuite hostname="DESKTOP-JKD93E6" failures="0" tests="1" name="practice.test.ReverseNumber" time="4.301" errors="0" timestamp="2024-06-26T17:34:48 IST" skipped="0">
  <testcase classname="practice.test.ReverseNumber" name="main" time="4.301"/>
</testsuite> <!-- practice.test.ReverseNumber -->
