<?xml version="1.0" encoding="UTF-8"?>
<!-- Generated by org.testng.reporters.JUnitReportReporter -->
<testsuite hostname="DESKTOP-JKD93E6" failures="0" tests="1" name="practice.test.Palindrom" time="0.042" errors="0" timestamp="2024-07-06T21:33:30 IST" skipped="0">
  <testcase classname="practice.test.Palindrom" name="main" time="0.042"/>
</testsuite> <!-- practice.test.Palindrom -->
