<?xml version="1.0" encoding="UTF-8"?>
<!-- Generated by org.testng.reporters.JUnitReportReporter -->
<testsuite hostname="DESKTOP-JKD93E6" failures="0" tests="1" name="practice.test.RandomNumber" time="0.059" errors="0" timestamp="2024-06-27T20:23:53 IST" skipped="0">
  <testcase classname="practice.test.RandomNumber" name="main" time="0.059"/>
</testsuite> <!-- practice.test.RandomNumber -->
