<?xml version="1.0" encoding="UTF-8"?>
<!-- Generated by org.testng.reporters.JUnitReportReporter -->
<testsuite hostname="DESKTOP-JKD93E6" failures="0" tests="1" name="practice.practice.ReverseNumber" time="4.887" errors="0" timestamp="2024-06-26T17:27:41 IST" skipped="0">
  <testcase classname="practice.practice.ReverseNumber" name="main" time="4.887"/>
</testsuite> <!-- practice.practice.ReverseNumber -->
