<?xml version="1.0" encoding="UTF-8"?>
<!-- Generated by org.testng.reporters.JUnitReportReporter -->
<testsuite hostname="DESKTOP-JKD93E6" failures="0" tests="1" name="practice.test.EqualityOfArrays" time="0.030" errors="0" timestamp="2024-06-30T21:48:15 IST" skipped="0">
  <testcase classname="practice.test.EqualityOfArrays" name="main" time="0.030"/>
</testsuite> <!-- practice.test.EqualityOfArrays -->
