<?xml version="1.0" encoding="UTF-8"?>
<!-- Generated by org.testng.reporters.JUnitReportReporter -->
<testsuite hostname="DESKTOP-JKD93E6" failures="0" tests="1" name="practice.test.MissingElementOfArray" time="0.024" errors="0" timestamp="2024-06-30T22:11:21 IST" skipped="0">
  <testcase classname="practice.test.MissingElementOfArray" name="main" time="0.024"/>
</testsuite> <!-- practice.test.MissingElementOfArray -->
